<?xml version="1.0" encoding="UTF-8"?>
<!-- Generated by org.testng.reporters.JUnitReportReporter -->
<testsuite skipped="0" hostname="Lenovo" name="TestNG.TestNg" tests="3" failures="0" timestamp="2020-03-09T09:45:52 IST" time="0.052" errors="0">
  <testcase name="Amazon" time="0.029" classname="TestNG.TestNg"/>
  <testcase name="Purchase" time="0.010" classname="TestNG.TestNg"/>
  <testcase name="Card_ADD" time="0.013" classname="TestNG.TestNg"/>
</testsuite> <!-- TestNG.TestNg -->
